<?xml version="1.0" encoding="UTF-8" ?>
<testsuite errors="0" failures="0" hostname="DOUZO" name="RationalTest" skipped="0" tests="7" time="0.024" timestamp="2024-09-07T14:43:04">
  <properties>
[...]
</properties>
  <testcase classname="RationalTest" name="testAdd" time="0.004" />
  <testcase classname="RationalTest" name="testSubtract" time="0.0" />
  <testcase classname="RationalTest" name="testEqual" time="0.0" />
  <testcase classname="RationalTest" name="testToString" time="0.0" />
  <testcase classname="RationalTest" name="testCompare" time="0.0" />
  <testcase classname="RationalTest" name="testDivide" time="0.0" />
  <testcase classname="RationalTest" name="testMultiply" time="0.0" />
  <system-out><![CDATA[]]></system-out>
  <system-err><![CDATA[]]></system-err>
</testsuite>
